Simulator report for CallPlatform
Mon May 25 18:12:11 2020
Quartus II Version 9.1 Build 350 03/24/2010 Service Pack 2 SJ Web Edition


---------------------
; Table of Contents ;
---------------------
  1. Legal Notice
  2. Simulator Summary
  3. Simulator Settings
  4. Simulation Waveforms
  5. Coverage Summary
  6. Complete 1/0-Value Coverage
  7. Missing 1-Value Coverage
  8. Missing 0-Value Coverage
  9. Simulator INI Usage
 10. Simulator Messages



----------------
; Legal Notice ;
----------------
Copyright (C) 1991-2010 Altera Corporation
Your use of Altera Corporation's design tools, logic functions 
and other software and tools, and its AMPP partner logic 
functions, and any output files from any of the foregoing 
(including device programming or simulation files), and any 
associated documentation or information are expressly subject 
to the terms and conditions of the Altera Program License 
Subscription Agreement, Altera MegaCore Function License 
Agreement, or other applicable license agreement, including, 
without limitation, that your use is for the sole purpose of 
programming logic devices manufactured by Altera and sold by 
Altera or its authorized distributors.  Please refer to the 
applicable agreement for further details.



+--------------------------------------------+
; Simulator Summary                          ;
+-----------------------------+--------------+
; Type                        ; Value        ;
+-----------------------------+--------------+
; Simulation Start Time       ; 0 ps         ;
; Simulation End Time         ; 1.0 us       ;
; Simulation Netlist Size     ; 164 nodes    ;
; Simulation Coverage         ;      39.63 % ;
; Total Number of Transitions ; 1091         ;
; Simulation Breakpoints      ; 0            ;
; Family                      ; Cyclone II   ;
+-----------------------------+--------------+


+--------------------------------------------------------------------------------------------------------------------------------+
; Simulator Settings                                                                                                             ;
+--------------------------------------------------------------------------------------------+-------------------+---------------+
; Option                                                                                     ; Setting           ; Default Value ;
+--------------------------------------------------------------------------------------------+-------------------+---------------+
; Simulation mode                                                                            ; Functional        ; Timing        ;
; Start time                                                                                 ; 0 ns              ; 0 ns          ;
; Simulation results format                                                                  ; CVWF              ;               ;
; Vector input source                                                                        ; OneToManyArch.vwf ;               ;
; Add pins automatically to simulation output waveforms                                      ; Off               ; On            ;
; Check outputs                                                                              ; Off               ; Off           ;
; Report simulation coverage                                                                 ; On                ; On            ;
; Display complete 1/0 value coverage report                                                 ; On                ; On            ;
; Display missing 1-value coverage report                                                    ; On                ; On            ;
; Display missing 0-value coverage report                                                    ; On                ; On            ;
; Detect setup and hold time violations                                                      ; Off               ; Off           ;
; Detect glitches                                                                            ; Off               ; Off           ;
; Disable timing delays in Timing Simulation                                                 ; Off               ; Off           ;
; Generate Signal Activity File                                                              ; Off               ; Off           ;
; Generate VCD File for PowerPlay Power Analyzer                                             ; Off               ; Off           ;
; Group bus channels in simulation results                                                   ; Off               ; Off           ;
; Preserve fewer signal transitions to reduce memory requirements                            ; On                ; On            ;
; Trigger vector comparison with the specified mode                                          ; INPUT_EDGE        ; INPUT_EDGE    ;
; Disable setup and hold time violations detection in input registers of bi-directional pins ; Off               ; Off           ;
; Overwrite Waveform Inputs With Simulation Outputs                                          ; Off               ;               ;
; Perform Glitch Filtering in Timing Simulation                                              ; Auto              ; Auto          ;
+--------------------------------------------------------------------------------------------+-------------------+---------------+


+----------------------+
; Simulation Waveforms ;
+----------------------+
Waveform report data cannot be output to ASCII.
Please use Quartus II to view the waveform report data.


+--------------------------------------------------------------------+
; Coverage Summary                                                   ;
+-----------------------------------------------------+--------------+
; Type                                                ; Value        ;
+-----------------------------------------------------+--------------+
; Total coverage as a percentage                      ;      39.63 % ;
; Total nodes checked                                 ; 164          ;
; Total output ports checked                          ; 164          ;
; Total output ports with complete 1/0-value coverage ; 65           ;
; Total output ports with no 1/0-value coverage       ; 66           ;
; Total output ports with no 1-value coverage         ; 98           ;
; Total output ports with no 0-value coverage         ; 67           ;
+-----------------------------------------------------+--------------+


The following table displays output ports that toggle between 1 and 0 during simulation.
+--------------------------------------------------------------------------------------------------+
; Complete 1/0-Value Coverage                                                                      ;
+---------------------------------------+---------------------------------------+------------------+
; Node Name                             ; Output Port Name                      ; Output Port Type ;
+---------------------------------------+---------------------------------------+------------------+
; |OneToManyArch|present_state.idle     ; |OneToManyArch|present_state.idle     ; regout           ;
; |OneToManyArch|present_state.a_init   ; |OneToManyArch|present_state.a_init   ; regout           ;
; |OneToManyArch|present_state.a_end    ; |OneToManyArch|present_state.a_end    ; regout           ;
; |OneToManyArch|present_state.b_init   ; |OneToManyArch|present_state.b_init   ; regout           ;
; |OneToManyArch|present_state.b_wait   ; |OneToManyArch|present_state.b_wait   ; regout           ;
; |OneToManyArch|present_state.b_end    ; |OneToManyArch|present_state.b_end    ; regout           ;
; |OneToManyArch|next_state~2           ; |OneToManyArch|next_state~2           ; out              ;
; |OneToManyArch|next_state~5           ; |OneToManyArch|next_state~5           ; out              ;
; |OneToManyArch|next_state~6           ; |OneToManyArch|next_state~6           ; out              ;
; |OneToManyArch|next_state.a_init      ; |OneToManyArch|next_state.a_init      ; out              ;
; |OneToManyArch|next_state~9           ; |OneToManyArch|next_state~9           ; out0             ;
; |OneToManyArch|next_state.a_wait      ; |OneToManyArch|next_state.a_wait      ; out              ;
; |OneToManyArch|next_state.a_end       ; |OneToManyArch|next_state.a_end       ; out              ;
; |OneToManyArch|next_state.b_init      ; |OneToManyArch|next_state.b_init      ; out              ;
; |OneToManyArch|next_state~10          ; |OneToManyArch|next_state~10          ; out0             ;
; |OneToManyArch|next_state.b_wait      ; |OneToManyArch|next_state.b_wait      ; out              ;
; |OneToManyArch|next_state.b_end       ; |OneToManyArch|next_state.b_end       ; out              ;
; |OneToManyArch|data[4]                ; |OneToManyArch|data[4]                ; out              ;
; |OneToManyArch|data[3]                ; |OneToManyArch|data[3]                ; out              ;
; |OneToManyArch|data[2]                ; |OneToManyArch|data[2]                ; out              ;
; |OneToManyArch|WideOr1                ; |OneToManyArch|WideOr1                ; out0             ;
; |OneToManyArch|WideOr2                ; |OneToManyArch|WideOr2                ; out0             ;
; |OneToManyArch|data[1]                ; |OneToManyArch|data[1]                ; out              ;
; |OneToManyArch|WideOr4                ; |OneToManyArch|WideOr4                ; out0             ;
; |OneToManyArch|data[0]                ; |OneToManyArch|data[0]                ; out              ;
; |OneToManyArch|data_out~11            ; |OneToManyArch|data_out~11            ; out              ;
; |OneToManyArch|data_out~13            ; |OneToManyArch|data_out~13            ; out              ;
; |OneToManyArch|data_out~15            ; |OneToManyArch|data_out~15            ; out              ;
; |OneToManyArch|clock                  ; |OneToManyArch|clock                  ; out              ;
; |OneToManyArch|pull                   ; |OneToManyArch|pull                   ; pin_out          ;
; |OneToManyArch|enable_pull            ; |OneToManyArch|enable_pull            ; out              ;
; |OneToManyArch|input_1                ; |OneToManyArch|input_1                ; out              ;
; |OneToManyArch|input_2                ; |OneToManyArch|input_2                ; out              ;
; |OneToManyArch|enable_1               ; |OneToManyArch|enable_1               ; pin_out          ;
; |OneToManyArch|enable_2               ; |OneToManyArch|enable_2               ; pin_out          ;
; |OneToManyArch|data_in[0]             ; |OneToManyArch|data_in[0]             ; out              ;
; |OneToManyArch|data_in[1]             ; |OneToManyArch|data_in[1]             ; out              ;
; |OneToManyArch|data_in[2]             ; |OneToManyArch|data_in[2]             ; out              ;
; |OneToManyArch|data_in[3]             ; |OneToManyArch|data_in[3]             ; out              ;
; |OneToManyArch|data_in[4]             ; |OneToManyArch|data_in[4]             ; out              ;
; |OneToManyArch|data_in[5]             ; |OneToManyArch|data_in[5]             ; out              ;
; |OneToManyArch|data_out[0]            ; |OneToManyArch|data_out[0]            ; pin_out          ;
; |OneToManyArch|data_out[2]            ; |OneToManyArch|data_out[2]            ; pin_out          ;
; |OneToManyArch|data_out[4]            ; |OneToManyArch|data_out[4]            ; pin_out          ;
; |OneToManyArch|present_state~0        ; |OneToManyArch|present_state~0        ; out0             ;
; |OneToManyArch|Selector4~0            ; |OneToManyArch|Selector4~0            ; out0             ;
; |OneToManyArch|present_state.a_init~0 ; |OneToManyArch|present_state.a_init~0 ; out0             ;
; |OneToManyArch|WideOr0~0              ; |OneToManyArch|WideOr0~0              ; out0             ;
; |OneToManyArch|present_state.a_wait~0 ; |OneToManyArch|present_state.a_wait~0 ; out0             ;
; |OneToManyArch|present_state.a_end~0  ; |OneToManyArch|present_state.a_end~0  ; out0             ;
; |OneToManyArch|WideOr2~0              ; |OneToManyArch|WideOr2~0              ; out0             ;
; |OneToManyArch|present_state.b_init~0 ; |OneToManyArch|present_state.b_init~0 ; out0             ;
; |OneToManyArch|WideOr0~2              ; |OneToManyArch|WideOr0~2              ; out0             ;
; |OneToManyArch|present_state.b_wait~0 ; |OneToManyArch|present_state.b_wait~0 ; out0             ;
; |OneToManyArch|WideOr0~3              ; |OneToManyArch|WideOr0~3              ; out0             ;
; |OneToManyArch|present_state.b_end~0  ; |OneToManyArch|present_state.b_end~0  ; out0             ;
; |OneToManyArch|WideOr2~1              ; |OneToManyArch|WideOr2~1              ; out0             ;
; |OneToManyArch|present_state~5        ; |OneToManyArch|present_state~5        ; out0             ;
; |OneToManyArch|Selector4~1            ; |OneToManyArch|Selector4~1            ; out0             ;
; |OneToManyArch|Selector4~2            ; |OneToManyArch|Selector4~2            ; out0             ;
; |OneToManyArch|Selector7~0            ; |OneToManyArch|Selector7~0            ; out0             ;
; |OneToManyArch|Selector8~0            ; |OneToManyArch|Selector8~0            ; out0             ;
; |OneToManyArch|Selector9~0            ; |OneToManyArch|Selector9~0            ; out0             ;
; |OneToManyArch|Selector10~0           ; |OneToManyArch|Selector10~0           ; out0             ;
; |OneToManyArch|Selector11~0           ; |OneToManyArch|Selector11~0           ; out0             ;
+---------------------------------------+---------------------------------------+------------------+


The following table displays output ports that do not toggle to 1 during simulation.
+--------------------------------------------------------------------------------------------------+
; Missing 1-Value Coverage                                                                         ;
+---------------------------------------+---------------------------------------+------------------+
; Node Name                             ; Output Port Name                      ; Output Port Type ;
+---------------------------------------+---------------------------------------+------------------+
; |OneToManyArch|present_state.a_wait   ; |OneToManyArch|present_state.a_wait   ; regout           ;
; |OneToManyArch|present_state.c_init   ; |OneToManyArch|present_state.c_init   ; regout           ;
; |OneToManyArch|present_state.c_wait   ; |OneToManyArch|present_state.c_wait   ; regout           ;
; |OneToManyArch|present_state.c_end    ; |OneToManyArch|present_state.c_end    ; regout           ;
; |OneToManyArch|present_state.d_init   ; |OneToManyArch|present_state.d_init   ; regout           ;
; |OneToManyArch|present_state.d_wait   ; |OneToManyArch|present_state.d_wait   ; regout           ;
; |OneToManyArch|next_state~0           ; |OneToManyArch|next_state~0           ; out              ;
; |OneToManyArch|next_state~1           ; |OneToManyArch|next_state~1           ; out              ;
; |OneToManyArch|next_state~3           ; |OneToManyArch|next_state~3           ; out              ;
; |OneToManyArch|next_state~4           ; |OneToManyArch|next_state~4           ; out              ;
; |OneToManyArch|next_state~7           ; |OneToManyArch|next_state~7           ; out              ;
; |OneToManyArch|next_state~8           ; |OneToManyArch|next_state~8           ; out              ;
; |OneToManyArch|data[7]                ; |OneToManyArch|data[7]                ; out              ;
; |OneToManyArch|data[6]                ; |OneToManyArch|data[6]                ; out              ;
; |OneToManyArch|data[5]                ; |OneToManyArch|data[5]                ; out              ;
; |OneToManyArch|next_state.c_init      ; |OneToManyArch|next_state.c_init      ; out              ;
; |OneToManyArch|next_state~11          ; |OneToManyArch|next_state~11          ; out0             ;
; |OneToManyArch|next_state.c_wait      ; |OneToManyArch|next_state.c_wait      ; out              ;
; |OneToManyArch|next_state.c_end       ; |OneToManyArch|next_state.c_end       ; out              ;
; |OneToManyArch|next_state.d_init      ; |OneToManyArch|next_state.d_init      ; out              ;
; |OneToManyArch|next_state~12          ; |OneToManyArch|next_state~12          ; out0             ;
; |OneToManyArch|next_state.d_wait      ; |OneToManyArch|next_state.d_wait      ; out              ;
; |OneToManyArch|next_state.d_end       ; |OneToManyArch|next_state.d_end       ; out              ;
; |OneToManyArch|data_out~0             ; |OneToManyArch|data_out~0             ; out              ;
; |OneToManyArch|data_out~1             ; |OneToManyArch|data_out~1             ; out              ;
; |OneToManyArch|data_out~2             ; |OneToManyArch|data_out~2             ; out              ;
; |OneToManyArch|data_out~3             ; |OneToManyArch|data_out~3             ; out              ;
; |OneToManyArch|data_out~4             ; |OneToManyArch|data_out~4             ; out              ;
; |OneToManyArch|data_out~5             ; |OneToManyArch|data_out~5             ; out              ;
; |OneToManyArch|data_out~6             ; |OneToManyArch|data_out~6             ; out              ;
; |OneToManyArch|data_out~7             ; |OneToManyArch|data_out~7             ; out              ;
; |OneToManyArch|data_out~8             ; |OneToManyArch|data_out~8             ; out              ;
; |OneToManyArch|data_out~9             ; |OneToManyArch|data_out~9             ; out              ;
; |OneToManyArch|data_out~10            ; |OneToManyArch|data_out~10            ; out              ;
; |OneToManyArch|data[9]                ; |OneToManyArch|data[9]                ; out              ;
; |OneToManyArch|data_out~12            ; |OneToManyArch|data_out~12            ; out              ;
; |OneToManyArch|data_out~14            ; |OneToManyArch|data_out~14            ; out              ;
; |OneToManyArch|data[10]               ; |OneToManyArch|data[10]               ; out              ;
; |OneToManyArch|data[11]               ; |OneToManyArch|data[11]               ; out              ;
; |OneToManyArch|data[12]               ; |OneToManyArch|data[12]               ; out              ;
; |OneToManyArch|data[13]               ; |OneToManyArch|data[13]               ; out              ;
; |OneToManyArch|data[14]               ; |OneToManyArch|data[14]               ; out              ;
; |OneToManyArch|data[15]               ; |OneToManyArch|data[15]               ; out              ;
; |OneToManyArch|present_state.d_end    ; |OneToManyArch|present_state.d_end    ; regout           ;
; |OneToManyArch|data[8]                ; |OneToManyArch|data[8]                ; out              ;
; |OneToManyArch|reset                  ; |OneToManyArch|reset                  ; out              ;
; |OneToManyArch|input_3                ; |OneToManyArch|input_3                ; out              ;
; |OneToManyArch|input_4                ; |OneToManyArch|input_4                ; out              ;
; |OneToManyArch|enable_3               ; |OneToManyArch|enable_3               ; pin_out          ;
; |OneToManyArch|enable_4               ; |OneToManyArch|enable_4               ; pin_out          ;
; |OneToManyArch|data_in[7]             ; |OneToManyArch|data_in[7]             ; out              ;
; |OneToManyArch|data_in[8]             ; |OneToManyArch|data_in[8]             ; out              ;
; |OneToManyArch|data_in[9]             ; |OneToManyArch|data_in[9]             ; out              ;
; |OneToManyArch|data_in[10]            ; |OneToManyArch|data_in[10]            ; out              ;
; |OneToManyArch|data_in[11]            ; |OneToManyArch|data_in[11]            ; out              ;
; |OneToManyArch|data_in[12]            ; |OneToManyArch|data_in[12]            ; out              ;
; |OneToManyArch|data_in[13]            ; |OneToManyArch|data_in[13]            ; out              ;
; |OneToManyArch|data_in[14]            ; |OneToManyArch|data_in[14]            ; out              ;
; |OneToManyArch|data_in[15]            ; |OneToManyArch|data_in[15]            ; out              ;
; |OneToManyArch|data_out[1]            ; |OneToManyArch|data_out[1]            ; pin_out          ;
; |OneToManyArch|data_out[3]            ; |OneToManyArch|data_out[3]            ; pin_out          ;
; |OneToManyArch|data_out[5]            ; |OneToManyArch|data_out[5]            ; pin_out          ;
; |OneToManyArch|data_out[6]            ; |OneToManyArch|data_out[6]            ; pin_out          ;
; |OneToManyArch|data_out[7]            ; |OneToManyArch|data_out[7]            ; pin_out          ;
; |OneToManyArch|data_out[8]            ; |OneToManyArch|data_out[8]            ; pin_out          ;
; |OneToManyArch|data_out[9]            ; |OneToManyArch|data_out[9]            ; pin_out          ;
; |OneToManyArch|data_out[10]           ; |OneToManyArch|data_out[10]           ; pin_out          ;
; |OneToManyArch|data_out[11]           ; |OneToManyArch|data_out[11]           ; pin_out          ;
; |OneToManyArch|data_out[12]           ; |OneToManyArch|data_out[12]           ; pin_out          ;
; |OneToManyArch|data_out[13]           ; |OneToManyArch|data_out[13]           ; pin_out          ;
; |OneToManyArch|data_out[14]           ; |OneToManyArch|data_out[14]           ; pin_out          ;
; |OneToManyArch|data_out[15]           ; |OneToManyArch|data_out[15]           ; pin_out          ;
; |OneToManyArch|present_state~1        ; |OneToManyArch|present_state~1        ; out0             ;
; |OneToManyArch|WideOr0~1              ; |OneToManyArch|WideOr0~1              ; out0             ;
; |OneToManyArch|present_state.c_init~0 ; |OneToManyArch|present_state.c_init~0 ; out0             ;
; |OneToManyArch|WideOr0~4              ; |OneToManyArch|WideOr0~4              ; out0             ;
; |OneToManyArch|present_state.c_wait~0 ; |OneToManyArch|present_state.c_wait~0 ; out0             ;
; |OneToManyArch|WideOr0~5              ; |OneToManyArch|WideOr0~5              ; out0             ;
; |OneToManyArch|present_state.c_end~0  ; |OneToManyArch|present_state.c_end~0  ; out0             ;
; |OneToManyArch|WideOr2~2              ; |OneToManyArch|WideOr2~2              ; out0             ;
; |OneToManyArch|present_state.d_init~0 ; |OneToManyArch|present_state.d_init~0 ; out0             ;
; |OneToManyArch|WideOr0~6              ; |OneToManyArch|WideOr0~6              ; out0             ;
; |OneToManyArch|present_state.d_wait~0 ; |OneToManyArch|present_state.d_wait~0 ; out0             ;
; |OneToManyArch|WideOr0~7              ; |OneToManyArch|WideOr0~7              ; out0             ;
; |OneToManyArch|present_state.d_end~0  ; |OneToManyArch|present_state.d_end~0  ; out0             ;
; |OneToManyArch|WideOr2~3              ; |OneToManyArch|WideOr2~3              ; out0             ;
; |OneToManyArch|present_state~9        ; |OneToManyArch|present_state~9        ; out0             ;
; |OneToManyArch|Selector0~0            ; |OneToManyArch|Selector0~0            ; out0             ;
; |OneToManyArch|Selector1~0            ; |OneToManyArch|Selector1~0            ; out0             ;
; |OneToManyArch|Selector3~0            ; |OneToManyArch|Selector3~0            ; out0             ;
; |OneToManyArch|Selector5~0            ; |OneToManyArch|Selector5~0            ; out0             ;
; |OneToManyArch|Selector6~0            ; |OneToManyArch|Selector6~0            ; out0             ;
; |OneToManyArch|Selector12~0           ; |OneToManyArch|Selector12~0           ; out0             ;
; |OneToManyArch|Selector13~0           ; |OneToManyArch|Selector13~0           ; out0             ;
; |OneToManyArch|Selector14~0           ; |OneToManyArch|Selector14~0           ; out0             ;
; |OneToManyArch|Selector15~0           ; |OneToManyArch|Selector15~0           ; out0             ;
; |OneToManyArch|Selector16~0           ; |OneToManyArch|Selector16~0           ; out0             ;
; |OneToManyArch|Selector17~0           ; |OneToManyArch|Selector17~0           ; out0             ;
+---------------------------------------+---------------------------------------+------------------+


The following table displays output ports that do not toggle to 0 during simulation.
+--------------------------------------------------------------------------------------------------+
; Missing 0-Value Coverage                                                                         ;
+---------------------------------------+---------------------------------------+------------------+
; Node Name                             ; Output Port Name                      ; Output Port Type ;
+---------------------------------------+---------------------------------------+------------------+
; |OneToManyArch|present_state.a_wait   ; |OneToManyArch|present_state.a_wait   ; regout           ;
; |OneToManyArch|present_state.c_init   ; |OneToManyArch|present_state.c_init   ; regout           ;
; |OneToManyArch|present_state.c_wait   ; |OneToManyArch|present_state.c_wait   ; regout           ;
; |OneToManyArch|present_state.c_end    ; |OneToManyArch|present_state.c_end    ; regout           ;
; |OneToManyArch|present_state.d_init   ; |OneToManyArch|present_state.d_init   ; regout           ;
; |OneToManyArch|present_state.d_wait   ; |OneToManyArch|present_state.d_wait   ; regout           ;
; |OneToManyArch|next_state~0           ; |OneToManyArch|next_state~0           ; out              ;
; |OneToManyArch|next_state~1           ; |OneToManyArch|next_state~1           ; out              ;
; |OneToManyArch|next_state~3           ; |OneToManyArch|next_state~3           ; out              ;
; |OneToManyArch|next_state~4           ; |OneToManyArch|next_state~4           ; out              ;
; |OneToManyArch|next_state~7           ; |OneToManyArch|next_state~7           ; out              ;
; |OneToManyArch|next_state~8           ; |OneToManyArch|next_state~8           ; out              ;
; |OneToManyArch|data[7]                ; |OneToManyArch|data[7]                ; out              ;
; |OneToManyArch|data[6]                ; |OneToManyArch|data[6]                ; out              ;
; |OneToManyArch|data[5]                ; |OneToManyArch|data[5]                ; out              ;
; |OneToManyArch|next_state.c_init      ; |OneToManyArch|next_state.c_init      ; out              ;
; |OneToManyArch|next_state~11          ; |OneToManyArch|next_state~11          ; out0             ;
; |OneToManyArch|next_state.c_wait      ; |OneToManyArch|next_state.c_wait      ; out              ;
; |OneToManyArch|next_state.c_end       ; |OneToManyArch|next_state.c_end       ; out              ;
; |OneToManyArch|next_state.d_init      ; |OneToManyArch|next_state.d_init      ; out              ;
; |OneToManyArch|next_state~12          ; |OneToManyArch|next_state~12          ; out0             ;
; |OneToManyArch|next_state.d_wait      ; |OneToManyArch|next_state.d_wait      ; out              ;
; |OneToManyArch|next_state.d_end       ; |OneToManyArch|next_state.d_end       ; out              ;
; |OneToManyArch|data_out~8             ; |OneToManyArch|data_out~8             ; out              ;
; |OneToManyArch|data_out~9             ; |OneToManyArch|data_out~9             ; out              ;
; |OneToManyArch|data_out~10            ; |OneToManyArch|data_out~10            ; out              ;
; |OneToManyArch|data_out~12            ; |OneToManyArch|data_out~12            ; out              ;
; |OneToManyArch|data_out~14            ; |OneToManyArch|data_out~14            ; out              ;
; |OneToManyArch|present_state.d_end    ; |OneToManyArch|present_state.d_end    ; regout           ;
; |OneToManyArch|reset                  ; |OneToManyArch|reset                  ; out              ;
; |OneToManyArch|input_3                ; |OneToManyArch|input_3                ; out              ;
; |OneToManyArch|input_4                ; |OneToManyArch|input_4                ; out              ;
; |OneToManyArch|enable_3               ; |OneToManyArch|enable_3               ; pin_out          ;
; |OneToManyArch|enable_4               ; |OneToManyArch|enable_4               ; pin_out          ;
; |OneToManyArch|data_in[6]             ; |OneToManyArch|data_in[6]             ; out              ;
; |OneToManyArch|data_in[7]             ; |OneToManyArch|data_in[7]             ; out              ;
; |OneToManyArch|data_in[8]             ; |OneToManyArch|data_in[8]             ; out              ;
; |OneToManyArch|data_in[9]             ; |OneToManyArch|data_in[9]             ; out              ;
; |OneToManyArch|data_in[10]            ; |OneToManyArch|data_in[10]            ; out              ;
; |OneToManyArch|data_in[11]            ; |OneToManyArch|data_in[11]            ; out              ;
; |OneToManyArch|data_in[12]            ; |OneToManyArch|data_in[12]            ; out              ;
; |OneToManyArch|data_in[13]            ; |OneToManyArch|data_in[13]            ; out              ;
; |OneToManyArch|data_in[14]            ; |OneToManyArch|data_in[14]            ; out              ;
; |OneToManyArch|data_in[15]            ; |OneToManyArch|data_in[15]            ; out              ;
; |OneToManyArch|data_out[1]            ; |OneToManyArch|data_out[1]            ; pin_out          ;
; |OneToManyArch|data_out[3]            ; |OneToManyArch|data_out[3]            ; pin_out          ;
; |OneToManyArch|data_out[5]            ; |OneToManyArch|data_out[5]            ; pin_out          ;
; |OneToManyArch|data_out[6]            ; |OneToManyArch|data_out[6]            ; pin_out          ;
; |OneToManyArch|data_out[7]            ; |OneToManyArch|data_out[7]            ; pin_out          ;
; |OneToManyArch|present_state~1        ; |OneToManyArch|present_state~1        ; out0             ;
; |OneToManyArch|WideOr0~1              ; |OneToManyArch|WideOr0~1              ; out0             ;
; |OneToManyArch|present_state.c_init~0 ; |OneToManyArch|present_state.c_init~0 ; out0             ;
; |OneToManyArch|WideOr0~4              ; |OneToManyArch|WideOr0~4              ; out0             ;
; |OneToManyArch|present_state.c_wait~0 ; |OneToManyArch|present_state.c_wait~0 ; out0             ;
; |OneToManyArch|WideOr0~5              ; |OneToManyArch|WideOr0~5              ; out0             ;
; |OneToManyArch|present_state.c_end~0  ; |OneToManyArch|present_state.c_end~0  ; out0             ;
; |OneToManyArch|WideOr2~2              ; |OneToManyArch|WideOr2~2              ; out0             ;
; |OneToManyArch|present_state.d_init~0 ; |OneToManyArch|present_state.d_init~0 ; out0             ;
; |OneToManyArch|WideOr0~6              ; |OneToManyArch|WideOr0~6              ; out0             ;
; |OneToManyArch|present_state.d_wait~0 ; |OneToManyArch|present_state.d_wait~0 ; out0             ;
; |OneToManyArch|WideOr0~7              ; |OneToManyArch|WideOr0~7              ; out0             ;
; |OneToManyArch|present_state.d_end~0  ; |OneToManyArch|present_state.d_end~0  ; out0             ;
; |OneToManyArch|WideOr2~3              ; |OneToManyArch|WideOr2~3              ; out0             ;
; |OneToManyArch|present_state~9        ; |OneToManyArch|present_state~9        ; out0             ;
; |OneToManyArch|Selector3~0            ; |OneToManyArch|Selector3~0            ; out0             ;
; |OneToManyArch|Selector5~0            ; |OneToManyArch|Selector5~0            ; out0             ;
; |OneToManyArch|Selector6~0            ; |OneToManyArch|Selector6~0            ; out0             ;
+---------------------------------------+---------------------------------------+------------------+


+---------------------+
; Simulator INI Usage ;
+--------+------------+
; Option ; Usage      ;
+--------+------------+


+--------------------+
; Simulator Messages ;
+--------------------+
Info: *******************************************************************
Info: Running Quartus II Simulator
    Info: Version 9.1 Build 350 03/24/2010 Service Pack 2 SJ Web Edition
    Info: Processing started: Mon May 25 18:12:10 2020
Info: Command: quartus_sim --read_settings_files=on --write_settings_files=off CallPlatform -c CallPlatform
Info: Using vector source file "C:/Users/Cetus/OneDrive/文档/我的大学/fpga/CallPlatform/OneToManyArch.vwf"
Warning: Wrong node type and/or width for node "|OneToManyArch|present_state" in vector source file. Node in design is of type Enum and of width 1, but node in vector source file is of type 9-Level and of width 1.
Warning: Signal name "|OneToManyArch|present_state" changed to enum type
Warning: Can't find signal in vector source file for input pin "|OneToManyArch|reset"
Warning: Can't find signal in vector source file for input pin "|OneToManyArch|data_in[8]"
Warning: Can't find signal in vector source file for input pin "|OneToManyArch|data_in[9]"
Warning: Can't find signal in vector source file for input pin "|OneToManyArch|data_in[10]"
Warning: Can't find signal in vector source file for input pin "|OneToManyArch|data_in[11]"
Warning: Can't find signal in vector source file for input pin "|OneToManyArch|data_in[12]"
Warning: Can't find signal in vector source file for input pin "|OneToManyArch|data_in[13]"
Warning: Can't find signal in vector source file for input pin "|OneToManyArch|data_in[14]"
Warning: Can't find signal in vector source file for input pin "|OneToManyArch|data_in[15]"
Info: Option to preserve fewer signal transitions to reduce memory requirements is enabled
    Info: Simulation has been partitioned into sub-simulations according to the maximum transition count determined by the engine. Transitions from memory will be flushed out to disk at the end of each sub-simulation to reduce memory requirements.
Info: Simulation partitioned into 1 sub-simulations
Info: Simulation coverage is      39.63 %
Info: Number of transitions in simulation is 1091
Info: Quartus II Simulator was successful. 0 errors, 11 warnings
    Info: Peak virtual memory: 159 megabytes
    Info: Processing ended: Mon May 25 18:12:11 2020
    Info: Elapsed time: 00:00:01
    Info: Total CPU time (on all processors): 00:00:00


